Spark Command: /usr/lib/jvm/jre-1.7.0-openjdk.x86_64/bin/java -cp ::/usr/local/spark/conf:/usr/local/spark/assembly/target/scala-2.10/spark-assembly-1.1.0-hadoop1.0.4.jar -XX:MaxPermSize=128m -Dspark.akka.logLifecycleEvents=true -Xms512m -Xmx512m org.apache.spark.deploy.master.Master --ip hadoop.example.com --port 7077 --webui-port 8080
========================================

Using Spark's default log4j profile: org/apache/spark/log4j-defaults.properties
14/12/08 18:22:12 INFO Master: Registered signal handlers for [TERM, HUP, INT]
14/12/08 18:22:12 WARN Utils: Your hostname, hadoop.example.com resolves to a loopback address: 127.0.0.1; using 80.240.130.217 instead (on interface eth0)
14/12/08 18:22:12 WARN Utils: Set SPARK_LOCAL_IP if you need to bind to another address
14/12/08 18:22:12 INFO SecurityManager: Changing view acls to: root,
14/12/08 18:22:12 INFO SecurityManager: Changing modify acls to: root,
14/12/08 18:22:12 INFO SecurityManager: SecurityManager: authentication disabled; ui acls disabled; users with view permissions: Set(root, ); users with modify permissions: Set(root, )
14/12/08 18:22:13 INFO Slf4jLogger: Slf4jLogger started
14/12/08 18:22:14 INFO Remoting: Starting remoting
14/12/08 18:22:14 INFO Remoting: Remoting started; listening on addresses :[akka.tcp://sparkMaster@hadoop.example.com:7077]
14/12/08 18:22:14 INFO Utils: Successfully started service 'sparkMaster' on port 7077.
14/12/08 18:22:14 INFO Master: Starting Spark master at spark://hadoop.example.com:7077
14/12/08 18:22:15 WARN Utils: Service 'MasterUI' could not bind on port 8080. Attempting port 8081.
14/12/08 18:22:15 WARN Utils: Service 'MasterUI' could not bind on port 8081. Attempting port 8082.
14/12/08 18:22:15 INFO Utils: Successfully started service 'MasterUI' on port 8082.
14/12/08 18:22:15 INFO MasterWebUI: Started MasterWebUI at http://hadoop.example.com:8082
14/12/08 18:22:15 INFO Master: I have been elected leader! New state: ALIVE
14/12/08 18:22:17 INFO Master: Registering worker hadoop.example.com:42028 with 2 cores, 982.0 MB RAM
